<?xml version="1.0" encoding="UTF-8"?>
<testng-results skipped="0" failed="0" total="1" passed="1">
  <reporter-output>
  </reporter-output>
  <suite name="Suite" duration-ms="14" started-at="2022-12-21T16:47:32Z" finished-at="2022-12-21T16:47:32Z">
    <groups>
      <group name="Sanity">
        <method signature="TC_001_Login_Logout.tc001()[pri:0, instance:testcases.TC_001_Login_Logout@13805618]" name="tc001" class="testcases.TC_001_Login_Logout"/>
      </group> <!-- Sanity -->
    </groups>
    <test name="Test" duration-ms="14" started-at="2022-12-21T16:47:32Z" finished-at="2022-12-21T16:47:32Z">
      <class name="testcases.TC_001_Login_Logout">
        <test-method status="PASS" signature="startBrowser()[pri:0, instance:testcases.TC_001_Login_Logout@13805618]" name="startBrowser" is-config="true" duration-ms="10" started-at="2022-12-21T22:17:32Z" finished-at="2022-12-21T22:17:32Z">
          <reporter-output>
          </reporter-output>
        </test-method> <!-- startBrowser -->
        <test-method status="PASS" signature="startBrowser()[pri:0, instance:testcases.TC_002_Login_Logout@56ef9176]" name="startBrowser" is-config="true" duration-ms="0" started-at="2022-12-21T22:17:32Z" finished-at="2022-12-21T22:17:32Z">
          <reporter-output>
          </reporter-output>
        </test-method> <!-- startBrowser -->
        <test-method status="PASS" signature="tc001()[pri:0, instance:testcases.TC_001_Login_Logout@13805618]" name="tc001" duration-ms="3" started-at="2022-12-21T22:17:32Z" finished-at="2022-12-21T22:17:32Z">
          <reporter-output>
          </reporter-output>
        </test-method> <!-- tc001 -->
        <test-method status="PASS" signature="stopBrowser()[pri:0, instance:testcases.TC_001_Login_Logout@13805618]" name="stopBrowser" is-config="true" duration-ms="0" started-at="2022-12-21T22:17:32Z" finished-at="2022-12-21T22:17:32Z">
          <reporter-output>
          </reporter-output>
        </test-method> <!-- stopBrowser -->
        <test-method status="PASS" signature="stopBrowser()[pri:0, instance:testcases.TC_002_Login_Logout@56ef9176]" name="stopBrowser" is-config="true" duration-ms="0" started-at="2022-12-21T22:17:32Z" finished-at="2022-12-21T22:17:32Z">
          <reporter-output>
          </reporter-output>
        </test-method> <!-- stopBrowser -->
      </class> <!-- testcases.TC_001_Login_Logout -->
    </test> <!-- Test -->
  </suite> <!-- Suite -->
</testng-results>
